             @@@@@@@@@@@@@@@@linuxCommands.list@@@@@@@@@@@@@@@
             @@@@@@@@@@@@@@@   KARIM ABU RIDA  @@@@@@@@@@@@@@@
             @@@@@@@@@@@@@@@@@@@@@@@@@@@@@@@@@@@@@@@@@@@@@@@@@



@@ RestartEnigma @@
systemctl restart enigma2     # DreamOS
killall -9 enigma2            # Opensource

@@ re enter image @@
rm -R /etc/enigma2 && killall -9 enigma2

@@ LogEnigma2 @@
init 5; enigma2.sh >/tmp/enigma2_logfile.log 2>&1

@@ Logenigma2_dreamos @@
journalctl -f -u enigma2>/usr/enigma_log

@@ DebugEnigma @@
init 4; sleep 5; enigma2 >/tmp/enigma2_debug.log 2>&1

@@ Remove Log @@
find $HOME -name '*.log' -exec rm {} \;

@@ Init Codes @@
init 0          # Deep Standby 
init 1          # Stops Enigma2 and network
init 3          # Starts Enigma2 normally
init 4          # Stops Enigma2
init 6          # Reboots the box

@@ Directory @@
pwd                  # Current Dir
cd                   # Home
cd ..                # Up
cd /                 # Root
cd $HOME             # Home
cd /tmp              # /tmp

@@ File List @@
ls
ls --full-time
ls -1
ls -als
ls -ls

@@ Search @@
find / -iname FILE_NAME
find / -size +10000k
grep -r PATTERN dir
grep PATTERN FILES

@@ Screen Grabs @@
grab -d -p /tmp/filename.png

@@ System @@
which FILE_NAME
echo root:XXXX | chpasswd  # Change Password
date
top
hostname
hostname -i
uname -a
uptime
whoami
dmesg | more
shutdown -r now    # Full reboot.
shutdown -h now    # Full shutdown.
cat /proc/meminfo  # memory info

@@ User @@
id
last
who

@@ Network @@
ifconfig
netstat
head -n 1 /etc/hostname  # Show Hostname
ping google.com -c 3        # 3 seconds
ip route get 1.2.3.4 | awk '{print $7}'  # Show IP addresses
hostname -i | awk '{print $1}'  # Show locale host

@@ Change MAC @@
ifconfig eth0 down
ifconfig eth0 hw ether xx:xx:xx:xx:xx:xx
ifconfig eth0 up
ifconfig eth0 |grep HWaddr

@@ File Permission @@
chmod 755 /tmp/FILE_NAME
chmod 766 /tmp/FILE_NAME
chmod 777 /tmp/FILE_NAME

@@ Disk usage @@
df -h
df -i
df -a

@@ Sound @@
alsamixer

@@ Delete Portals @@
init 4 && sleep 5 && sed -e s/config.plugins.MultiStalker.portals.*//g -i /etc/enigma2/settings && init 3

@@ Opensource @@
opkg update
opkg download FILE_NAME
opkg update; opkg upgrade
opkg flag hold FILE_NAME  # Stop Plug-in auto updating
opkg flag user FILE_NAME  # Star Plug-in auto updating
opkg install --force-overwrite /tmp/*.ipk
opkg remove --force-depends FILE_NAME
opkg remove --force-depends enigma2-plugin-softcams-ncam
opkg remove --force-depends enigma2-plugin-softcams-oscam*

@@ DreamOS @@
apt-get update
apt-get update; apt-get upgrade
apt-get install -f -y
dpkg -i --force-overwrite /tmp/*.deb
apt-get purge --auto-remove FILE_NAME
apt-get purge --auto-remove enigma2-plugin-softcams-ncam
apt-get purge --auto-remove enigma2-plugin-softcams-oscam*

@@ Python 2 @@
opkg install python-requests
opkg install python-sqlite3
opkg install python-beautifulsoup4
opkg install python-pycrypto
opkg install python-urllib3

@@ Python 3 @@
opkg install python3-requests
opkg install python3-sqlite3
opkg install python3-beautifulsoup4
opkg install python3-pycrypto
opkg install python3-urllib3

@@@@--- Command ---@@@@
opkg install wget
opkg install curl
opkg install astra-sm
opkg install ffmpeg
opkg install enigma2-plugin-drivers-ntfs-3g
opkg install enigma2-plugin-drivers-exfat
cd /tmp && rm -f ffinstall.py && wget http://zadmario.gitlab.io/ffinstall.py && python ffinstall.py
cd /tmp && rm -f ffinstall.py && wget http://e2iplayer.pkteam.pl/ffinstall.py && python ffinstall.py
opkg install gstplayer libgstplayer-1.0-0
opkg install exteplayer3
opkg install livestreamer
opkg install livestreamersrv
opkg install libusb-1.0-0
opkg install libssl1.0.2
opkg install libcurl4
opkg install libpcsclite1
opkg install libcrypto1.0.2
opkg install enigma2-plugin-systemplugins-serviceapp
opkg install --force-reinstall enigma2-plugin-systemplugins-serviceapp
opkg install gstreamer1.0-plugins-good
opkg install gstreamer1.0-plugins-base
opkg install gstreamer1.0-plugins-bad
opkg install gstreamer1.0-plugins-ugly
opkg install gstreamer1.0-plugins-bad-meta
opkg install enigma2-plugin-systemplugins-softcamstartup                  # TeamBlue
opkg install enigma2-plugin-skins-metrix-atv-fhd-icons                    # Openatv

@@ Skins @@

opkg install enigma2-plugin-skins-madmax-impossible
opkg install enigma2-plugin-skins-pdreamy-fhd

@@ Skins myflow @@
wget https://raw.githubusercontent.com/ostende/dreamos-skins/main/myflow/myflow-installer_dreamos.sh -O - | /bin/sh  # DreamOS

@@ SoftCam secret feed @@
wget http://updates.mynonpublic.com/oea/feed -qO - | /bin/sh

@@ Kodi : Opensource @@
opkg install enigma2-plugin-extensions-kodi kodi-addon-pvr-vuplus
opkg remove --force-depends kodi kodi-addon-pvr-vuplus

@@ Driver Wifi Novaler @@
opkg list-installed | grep mt7601u
opkg install enigma2-plugin-drivers-network-usb-mt7601u
opkg remove --force-depends enigma2-plugin-drivers-network-usb-mt7601u

@@@@--- Plugins ---@@@@
@@ Multiboot FlashOnline @@
wget https://raw.githubusercontent.com/MOHAMED19OS/Download/main/FlashOnline/installer.py -qO - | python
rm -rf /usr/lib/enigma2/python/Plugins/Extensions/FlashOnline

@@ XcPlugin Forever @@
wget https://raw.githubusercontent.com/MOHAMED19OS/Download/main/XC-Code/installer.sh -qO - | /bin/sh
rm -rf /usr/lib/enigma2/python/Plugins/Extensions/XCplugin

@@ YouTube @@
wget https://raw.githubusercontent.com/MOHAMED19OS/Download/main/YouTube/installer.sh -qO - | /bin/sh
rm -rf /usr/lib/enigma2/python/Plugins/Extensions/YouTube

@@ SubsSupport @@
wget https://raw.githubusercontent.com/biko-73/SubsSupport/main/installer.sh -qO - | /bin/sh
rm -rf /usr/lib/enigma2/python/Plugins/Extensions/SubsSupport

@@ IPtoSAT @@
wget https://raw.githubusercontent.com/MOHAMED19OS/Download/main/IPtoSAT/installer.sh -qO - | /bin/sh
rm -rf /usr/lib/enigma2/python/Plugins/Extensions/IPtoSAT

@@ Ansite @@
wget https://raw.githubusercontent.com/MOHAMED19OS/Download/main/Ansite/installer.sh -qO - | /bin/sh
rm -rf /usr/lib/enigma2/python/Plugins/Extensions/Ansite

@@ SupTv @@
wget https://raw.githubusercontent.com/MOHAMED19OS/Download/main/Suptv/installer.sh -qO - | /bin/sh
rm -rf /usr/lib/enigma2/python/Plugins/Extensions/suptv

@@ Multi-Stalker @@
wget https://raw.githubusercontent.com/ziko-ZR1/Multi-Stalker-install/main/Downloads/installer.sh -qO - | /bin/sh
rm -rf /usr/lib/enigma2/python/Plugins/Extensions/MultiStalker

@@ AJPanel @@
wget https://raw.githubusercontent.com/biko-73/AjPanel/main/installer.sh -qO - | /bin/sh
rm -rf /usr/lib/enigma2/python/Plugins/Extensions/AJPan

@@ DreamSatPanel @@
wget http://ipkinstall.ath.cx/ipk-install/DreamSatPanel/installer.sh  -qO - | /bin/sh
rm -rf /usr/lib/enigma2/python/Plugins/Extensions/DreamSat

@@ XtraEvante @@
wget https://github.com/digiteng/xtra/raw/main/xtraEvent.sh -qO - | /bin/sh
rm -rf /usr/lib/enigma2/python/Plugins/Extensions/xtraEvent
rm -rf /usr/lib/enigma2/python/Components/Converter/xtra*
rm -rf /usr/lib/enigma2/python/Components/Renderer/xtra*
rm -rf /usr/share/enigma2/xtra

@@ TSmedia home TV @@
wget http://tunisia-dreambox.info/TSmedia/software_official/installer.sh -qO - | /bin/sh
rm -rf /usr/lib/enigma2/python/Plugins/Extensions/XtraEvante

@@ FootOnsat @@
wget https://raw.githubusercontent.com/ziko-ZR1/FootOnsat/main/Download/install.sh -qO - | /bin/sh
rm -rf /usr/lib/enigma2/python/Plugins/Extensions/FootOnSat

@@ IP Audio @@
wget http://linuxsat5.webhop.info/ipaudio/installer.sh -qO - | /bin/sh
rm -rf /usr/lib/enigma2/python/Plugins/Extensions/IPAudio

@@ TSIPlayer @@
wget https://raw.githubusercontent.com/MOHAMED19OS/Download/main/IPTVPlayer/installer.sh -qO - | /bin/sh
rm -rf /usr/lib/enigma2/python/Plugins/Extensions/IPTVPlayer

@@ Arabic Savior @@
wget http://tunisia-dreambox.info/TSplugins/ArabicSavior/installer.sh -qO - | /bin/sh
rm -rf /usr/lib/enigma2/python/Plugins/Extensions/ArabicSavior

@@ Raed Quick Signal @@
wget http://tunisia-dreambox.info/TSplugins/RaedQuickSignal/installer.sh  -qO - | /bin/sh
rm -rf /usr/lib/enigma2/python/Plugins/Extensions/RaedQuickSignal

@@ EPG Grabber @@
wget https://raw.githubusercontent.com/ziko-ZR1/Epg-plugin/master/Download/installer.sh -qO - | /bin/sh
rm -rf /usr/lib/enigma2/python/Plugins/Extensions/EPGGrabber
rm -rf /usr/lib/enigma2/python/Plugins/Extensions/EPGGrabber/api/epg_status.json

@@ Key Adder @@
wget http://tunisia-dreambox.info/TSplugins/AddKey/installer.sh -qO - | /bin/sh
rm -rf /usr/lib/enigma2/python/Plugins/Extensions/KeyAdder

@@ JediMakerXtream @@
wget https://raw.githubusercontent.com/biko-73/JediMakerXtream/main/installer.sh -qO - | /bin/sh
rm -rf /usr/lib/enigma2/python/Plugins/Extensions/JediMakerXtream

@@ X-Streamity @@
wget https://raw.githubusercontent.com/biko-73/xstreamity/main/installer.sh -qO - | /bin/sh
rm -rf /usr/lib/enigma2/python/Plugins/Extensions/XStreamity

@@ New Virtual KeyBoard @@
wget http://tunisia-dreambox.info/TSplugins/NewVirtualKeyBoard/installer.sh -qO - | /bin/sh
rm -rf /usr/lib/enigma2/python/Plugins/SystemPlugins/NewVirtualKeyBoard
rm -rf /usr/lib/enigma2/python/Screens/NewVirtualKeyBoard.py*

@@ OpenMultiboot @@
wget https://raw.githubusercontent.com/biko-73/openmultiboot/main/installer.sh -qO - | /bin/sh
rm -rf /usr/lib/enigma2/python/Plugins/Extensions/OpenMultiboot

@@ NEOBOOT @@
wget https://raw.githubusercontent.com/gutosie/neoboot/master/iNB.sh -qO - | /bin/sh
rm -rf /usr/lib/enigma2/python/Plugins/Extensions/NeoBoot

@@ TorrentPlayer @@
wget http://tunisia-dreambox.info/TSplugins/torrentPlayer/installer.sh -qO - | /bin/sh
rm -rf /usr/lib/enigma2/python/Plugins/Extensions/torrentPlayer

@@ BackupFlash @@
wget http://tunisia-dreambox.info/TSplugins/backupflash/installer.sh -qO - | /bin/sh
rm -rf /usr/lib/enigma2/python/Plugins/Extensions/backupflashe2

@@ LiveFootBall @@
wget -qO - http://tunisia-dreambox.info/TSplugins/LiveFootBall/installer.sh | /bin/sh
rm -rf /usr/lib/enigma2/python/Plugins/Extensions/LiveFootBall

@@ SpeedTest @@
wget https://raw.githubusercontent.com/sivel/speedtest-cli/master/speedtest.py -qO - | python

@@ Channel @@
wget https://raw.githubusercontent.com/MOHAMED19OS/Download/main/Channel/installer.sh -qO - | /bin/sh

@@ Softcam @@
wget -qO /etc/tuxbox/config/SoftCam.Key "https://raw.githubusercontent.com/MOHAMED19OS/SoftCam_Emu/main/Enigma2/SoftCam.Key"
rm -rf /etc/tuxbox/config/SoftCam.Key

@@ Satellites @@
wget -qO /etc/tuxbox/satellites.xml https://raw.githubusercontent.com/OpenPLi/tuxbox-xml/master/xml/satellites.xml
rm -rf /etc/tuxbox/satellites.xml

@@ Oscam & Ncam @@
wget -q https://raw.githubusercontent.com/MOHAMED19OS/Download/main/Oscam_Ncam/installer.sh; sh installer.sh

@@ OpenWebif @@
wget http://tunisia-dreambox.info/TSplugins/openWebif/installer.sh -qO - | /bin/sh

@@ just watch @@
wget http://justwatch.boxpirates.dynvpn.de/dreamos-installer.sh -qO - | /bin/sh

@@ PlexDream @@
wget http://plugins.boxpirates.dynvpn.de/plexdream-dreamos-installer.sh -qO - | /bin/sh

@@ Disney+ @@
wget http://disneydream.boxpirates.dynvpn.de/dreamos-installer.sh -qO - | /bin/sh

@@ Amazon Prime @@
wget http://amazonprimedream.bpdl2.mine.nu/dreamos-installer.sh -qO - | /bin/sh

@@ BoxPirates @@
wget http://boxpiratespanel.boxpirates.dynvpn.de/ipk-installer.sh -qO - | /bin/sh

@@ DAZN Dream @@
wget http://dazndream.boxpirates.dynvpn.de/dreamos-installer.sh -qO - | /bin/sh

@@ Netflix Dream @@
wget http://netflixdream.boxpirates.dynvpn.de/dreamos-installer.sh -qO - | /bin/sh

@@ MediaPortal OE2.5 @@
wget http://feed.newnigma2.to/mpgz/mpgz-full-installer_dreamos_oe25.sh -qO - | /bin/sh

